Mar 13 17:03:01 localhost CRON[1816920]: (root) CMD (flock -xn /tmp/stargate.lock -c '/usr/local/qcloud/stargate/admin/start.sh > /dev/null 2>&1 &')
Mar 13 17:04:01 localhost CRON[1817167]: (root) CMD (flock -xn /tmp/stargate.lock -c '/usr/local/qcloud/stargate/admin/start.sh > /dev/null 2>&1 &')
Mar 13 17:05:01 localhost CRON[1817438]: (root) CMD (flock -xn /tmp/stargate.lock -c '/usr/local/qcloud/stargate/admin/start.sh > /dev/null 2>&1 &')
Mar 13 17:05:01 localhost CRON[1817441]: (root) CMD (/usr/local/qcloud/YunJing/clearRules.sh > /dev/null 2>&1)
Mar 13 17:05:01 localhost CRON[1817442]: (root) CMD (flock -xn /tmp/stargate.lock -c '/usr/local/qcloud/stargate/admin/start.sh > /dev/null 2>&1 &')
Mar 13 17:05:49 localhost systemd[1]: Started Session 35951 of User root.
Mar 13 17:05:55 localhost dbus-daemon[895]: [system] Activating via systemd: service name='org.freedesktop.hostname1' unit='dbus-org.freedesktop.hostname1.service' requested by ':1.237' (uid=0 pid=1817941 comm="hostnamectl --json short " label="unconfined")
Mar 13 17:05:55 localhost systemd[1]: Starting Hostname Service...
Mar 13 17:05:56 localhost dbus-daemon[895]: [system] Successfully activated service 'org.freedesktop.hostname1'
Mar 13 17:05:56 localhost systemd[1]: Started Hostname Service.
Mar 13 17:06:01 localhost CRON[1818186]: (root) CMD (flock -xn /tmp/stargate.lock -c '/usr/local/qcloud/stargate/admin/start.sh > /dev/null 2>&1 &')
Mar 13 17:06:26 localhost systemd[1]: systemd-hostnamed.service: Deactivated successfully.
Mar 13 17:07:01 localhost CRON[1818439]: (root) CMD (flock -xn /tmp/stargate.lock -c '/usr/local/qcloud/stargate/admin/start.sh > /dev/null 2>&1 &')
Mar 13 17:07:53 localhost systemd[1]: Started Session 35954 of User root.
Mar 13 17:07:59 localhost dbus-daemon[895]: [system] Activating via systemd: service name='org.freedesktop.hostname1' unit='dbus-org.freedesktop.hostname1.service' requested by ':1.241' (uid=0 pid=1818909 comm="hostnamectl --json short " label="unconfined")
Mar 13 17:07:59 localhost systemd[1]: Starting Hostname Service...
Mar 13 17:07:59 localhost dbus-daemon[895]: [system] Successfully activated service 'org.freedesktop.hostname1'
Mar 13 17:07:59 localhost systemd[1]: Started Hostname Service.
Mar 13 17:08:01 localhost CRON[1819127]: (root) CMD (flock -xn /tmp/stargate.lock -c '/usr/local/qcloud/stargate/admin/start.sh > /dev/null 2>&1 &')
Mar 13 17:08:29 localhost systemd[1]: systemd-hostnamed.service: Deactivated successfully.
Mar 13 17:08:50 localhost systemd[1]: session-35951.scope: Deactivated successfully.
Mar 13 17:09:01 localhost CRON[1819382]: (root) CMD (flock -xn /tmp/stargate.lock -c '/usr/local/qcloud/stargate/admin/start.sh > /dev/null 2>&1 &')
Mar 13 17:10:01 localhost CRON[1819632]: (root) CMD (/usr/local/qcloud/YunJing/clearRules.sh > /dev/null 2>&1)
Mar 13 17:10:01 localhost CRON[1819631]: (root) CMD (/bin/bash /root/pal-auto-restart.sh)
Mar 13 17:10:01 localhost CRON[1819634]: (root) CMD (flock -xn /tmp/stargate.lock -c '/usr/local/qcloud/stargate/admin/start.sh > /dev/null 2>&1 &')
Mar 13 17:10:01 localhost CRON[1819633]: (root) CMD (flock -xn /tmp/stargate.lock -c '/usr/local/qcloud/stargate/admin/start.sh > /dev/null 2>&1 &')
Mar 13 17:11:01 localhost CRON[1819897]: (root) CMD (flock -xn /tmp/stargate.lock -c '/usr/local/qcloud/stargate/admin/start.sh > /dev/null 2>&1 &')
Mar 13 17:12:01 localhost CRON[1820145]: (root) CMD (flock -xn /tmp/stargate.lock -c '/usr/local/qcloud/stargate/admin/start.sh > /dev/null 2>&1 &')
Mar 13 17:13:01 localhost CRON[1820400]: (root) CMD (flock -xn /tmp/stargate.lock -c '/usr/local/qcloud/stargate/admin/start.sh > /dev/null 2>&1 &')
Mar 13 17:14:01 localhost CRON[1820644]: (root) CMD (flock -xn /tmp/stargate.lock -c '/usr/local/qcloud/stargate/admin/start.sh > /dev/null 2>&1 &')
Mar 13 17:15:01 localhost CRON[1820891]: (root) CMD (flock -xn /tmp/stargate.lock -c '/usr/local/qcloud/stargate/admin/start.sh > /dev/null 2>&1 &')
Mar 13 17:15:01 localhost CRON[1820893]: (root) CMD (flock -xn /tmp/stargate.lock -c '/usr/local/qcloud/stargate/admin/start.sh > /dev/null 2>&1 &')
Mar 13 17:15:01 localhost CRON[1820892]: (root) CMD (/usr/local/qcloud/YunJing/clearRules.sh > /dev/null 2>&1)
Mar 13 17:16:01 localhost CRON[1821195]: (root) CMD (flock -xn /tmp/stargate.lock -c '/usr/local/qcloud/stargate/admin/start.sh > /dev/null 2>&1 &')
Mar 13 17:16:08 localhost systemd[1]: Started Session 35969 of User root.
Mar 13 17:16:13 localhost dbus-daemon[895]: [system] Activating via systemd: service name='org.freedesktop.hostname1' unit='dbus-org.freedesktop.hostname1.service' requested by ':1.245' (uid=0 pid=1821489 comm="hostnamectl --json short " label="unconfined")
Mar 13 17:16:13 localhost systemd[1]: Starting Hostname Service...
Mar 13 17:16:13 localhost dbus-daemon[895]: [system] Successfully activated service 'org.freedesktop.hostname1'
Mar 13 17:16:13 localhost systemd[1]: Started Hostname Service.
Mar 13 17:16:43 localhost systemd[1]: systemd-hostnamed.service: Deactivated successfully.
Mar 13 17:16:54 localhost systemd[1]: session-35954.scope: Deactivated successfully.
Mar 13 17:17:01 localhost CRON[1822015]: (root) CMD (flock -xn /tmp/stargate.lock -c '/usr/local/qcloud/stargate/admin/start.sh > /dev/null 2>&1 &')
Mar 13 17:17:01 localhost CRON[1822016]: (root) CMD (   cd / && run-parts --report /etc/cron.hourly)
Mar 13 17:18:01 localhost CRON[1822317]: (root) CMD (flock -xn /tmp/stargate.lock -c '/usr/local/qcloud/stargate/admin/start.sh > /dev/null 2>&1 &')
Mar 13 17:19:01 localhost CRON[1822640]: (root) CMD (flock -xn /tmp/stargate.lock -c '/usr/local/qcloud/stargate/admin/start.sh > /dev/null 2>&1 &')
Mar 13 17:20:01 localhost CRON[1822916]: (root) CMD (flock -xn /tmp/stargate.lock -c '/usr/local/qcloud/stargate/admin/start.sh > /dev/null 2>&1 &')
Mar 13 17:20:01 localhost CRON[1822917]: (root) CMD (/bin/bash /root/pal-auto-restart.sh)
Mar 13 17:20:01 localhost CRON[1822918]: (root) CMD (flock -xn /tmp/stargate.lock -c '/usr/local/qcloud/stargate/admin/start.sh > /dev/null 2>&1 &')
Mar 13 17:20:01 localhost CRON[1822919]: (root) CMD (/usr/local/qcloud/YunJing/clearRules.sh > /dev/null 2>&1)
Mar 13 17:21:01 localhost CRON[1823338]: (root) CMD (flock -xn /tmp/stargate.lock -c '/usr/local/qcloud/stargate/admin/start.sh > /dev/null 2>&1 &')
Mar 13 17:22:01 localhost CRON[1823680]: (root) CMD (flock -xn /tmp/stargate.lock -c '/usr/local/qcloud/stargate/admin/start.sh > /dev/null 2>&1 &')
Mar 13 17:23:01 localhost CRON[1824001]: (root) CMD (flock -xn /tmp/stargate.lock -c '/usr/local/qcloud/stargate/admin/start.sh > /dev/null 2>&1 &')
Mar 13 17:24:01 localhost CRON[1824257]: (root) CMD (flock -xn /tmp/stargate.lock -c '/usr/local/qcloud/stargate/admin/start.sh > /dev/null 2>&1 &')
Mar 13 17:25:01 localhost CRON[1824505]: (root) CMD (/usr/local/qcloud/YunJing/clearRules.sh > /dev/null 2>&1)
Mar 13 17:25:01 localhost CRON[1824506]: (root) CMD (flock -xn /tmp/stargate.lock -c '/usr/local/qcloud/stargate/admin/start.sh > /dev/null 2>&1 &')
Mar 13 17:25:01 localhost CRON[1824512]: (root) CMD (flock -xn /tmp/stargate.lock -c '/usr/local/qcloud/stargate/admin/start.sh > /dev/null 2>&1 &')
Mar 13 17:26:01 localhost CRON[1824759]: (root) CMD (flock -xn /tmp/stargate.lock -c '/usr/local/qcloud/stargate/admin/start.sh > /dev/null 2>&1 &')
Mar 13 17:27:01 localhost CRON[1825026]: (root) CMD (flock -xn /tmp/stargate.lock -c '/usr/local/qcloud/stargate/admin/start.sh > /dev/null 2>&1 &')
Mar 13 17:28:01 localhost CRON[1825271]: (root) CMD (flock -xn /tmp/stargate.lock -c '/usr/local/qcloud/stargate/admin/start.sh > /dev/null 2>&1 &')
Mar 13 17:29:01 localhost CRON[1825515]: (root) CMD (flock -xn /tmp/stargate.lock -c '/usr/local/qcloud/stargate/admin/start.sh > /dev/null 2>&1 &')
Mar 13 17:30:01 localhost CRON[1825763]: (root) CMD (flock -xn /tmp/stargate.lock -c '/usr/local/qcloud/stargate/admin/start.sh > /dev/null 2>&1 &')
Mar 13 17:30:01 localhost CRON[1825764]: (root) CMD (flock -xn /tmp/stargate.lock -c '/usr/local/qcloud/stargate/admin/start.sh > /dev/null 2>&1 &')
Mar 13 17:30:01 localhost CRON[1825765]: (root) CMD (/usr/local/qcloud/YunJing/YDCrontab.sh > /dev/null 2>&1)
Mar 13 17:30:01 localhost CRON[1825767]: (root) CMD (/usr/local/qcloud/YunJing/clearRules.sh > /dev/null 2>&1)
Mar 13 17:30:01 localhost CRON[1825772]: (root) CMD (/bin/bash /root/pal-auto-restart.sh)
Mar 13 17:31:01 localhost CRON[1826036]: (root) CMD (flock -xn /tmp/stargate.lock -c '/usr/local/qcloud/stargate/admin/start.sh > /dev/null 2>&1 &')
Mar 13 17:32:01 localhost CRON[1826281]: (root) CMD (flock -xn /tmp/stargate.lock -c '/usr/local/qcloud/stargate/admin/start.sh > /dev/null 2>&1 &')
Mar 13 17:33:01 localhost CRON[1826545]: (root) CMD (flock -xn /tmp/stargate.lock -c '/usr/local/qcloud/stargate/admin/start.sh > /dev/null 2>&1 &')
Mar 13 17:34:01 localhost CRON[1826798]: (root) CMD (flock -xn /tmp/stargate.lock -c '/usr/local/qcloud/stargate/admin/start.sh > /dev/null 2>&1 &')
Mar 13 17:35:01 localhost CRON[1827052]: (root) CMD (flock -xn /tmp/stargate.lock -c '/usr/local/qcloud/stargate/admin/start.sh > /dev/null 2>&1 &')
Mar 13 17:35:01 localhost CRON[1827053]: (root) CMD (flock -xn /tmp/stargate.lock -c '/usr/local/qcloud/stargate/admin/start.sh > /dev/null 2>&1 &')
Mar 13 17:35:01 localhost CRON[1827054]: (root) CMD (/usr/local/qcloud/YunJing/clearRules.sh > /dev/null 2>&1)
Mar 13 17:36:01 localhost CRON[1827326]: (root) CMD (flock -xn /tmp/stargate.lock -c '/usr/local/qcloud/stargate/admin/start.sh > /dev/null 2>&1 &')
Mar 13 17:36:42 localhost systemd[1]: Created slice User Slice of UID 1003.
Mar 13 17:36:42 localhost systemd[1]: Starting User Runtime Directory /run/user/1003...
Mar 13 17:36:43 localhost systemd[1]: Finished User Runtime Directory /run/user/1003.
Mar 13 17:36:43 localhost systemd[1]: Starting User Manager for UID 1003...
Mar 13 17:36:43 localhost systemd[1827510]: Queued start job for default target Main User Target.
Mar 13 17:36:43 localhost systemd[1827510]: Created slice User Application Slice.
Mar 13 17:36:43 localhost systemd[1827510]: Reached target Paths.
Mar 13 17:36:43 localhost systemd[1827510]: Reached target Timers.
Mar 13 17:36:43 localhost systemd[1827510]: Starting D-Bus User Message Bus Socket...
Mar 13 17:36:43 localhost systemd[1827510]: Listening on GnuPG network certificate management daemon.
Mar 13 17:36:43 localhost systemd[1827510]: Listening on GnuPG cryptographic agent and passphrase cache (access for web browsers).
Mar 13 17:36:43 localhost systemd[1827510]: Listening on GnuPG cryptographic agent and passphrase cache (restricted).
Mar 13 17:36:43 localhost systemd[1827510]: Listening on GnuPG cryptographic agent (ssh-agent emulation).
Mar 13 17:36:43 localhost systemd[1827510]: Listening on GnuPG cryptographic agent and passphrase cache.
Mar 13 17:36:43 localhost systemd[1827510]: Listening on debconf communication socket.
Mar 13 17:36:43 localhost systemd[1827510]: Listening on REST API socket for snapd user session agent.
Mar 13 17:36:43 localhost systemd[1827510]: Listening on D-Bus User Message Bus Socket.
Mar 13 17:36:43 localhost systemd[1827510]: Reached target Sockets.
Mar 13 17:36:43 localhost systemd[1827510]: Reached target Basic System.
Mar 13 17:36:43 localhost systemd[1827510]: Reached target Main User Target.
Mar 13 17:36:43 localhost systemd[1827510]: Startup finished in 66ms.
Mar 13 17:36:43 localhost systemd[1]: Started User Manager for UID 1003.
Mar 13 17:36:43 localhost systemd[1]: Started Session 36002 of User lrh.
Mar 13 17:37:01 localhost CRON[1827660]: (root) CMD (flock -xn /tmp/stargate.lock -c '/usr/local/qcloud/stargate/admin/start.sh > /dev/null 2>&1 &')
Mar 13 17:38:01 localhost CRON[1827903]: (root) CMD (flock -xn /tmp/stargate.lock -c '/usr/local/qcloud/stargate/admin/start.sh > /dev/null 2>&1 &')
Mar 13 17:39:01 localhost CRON[1828282]: (root) CMD (flock -xn /tmp/stargate.lock -c '/usr/local/qcloud/stargate/admin/start.sh > /dev/null 2>&1 &')
Mar 13 17:39:35 localhost systemd[1]: session-35906.scope: Deactivated successfully.
Mar 13 17:39:35 localhost systemd[1]: session-35906.scope: Consumed 13.081s CPU time.
Mar 13 17:39:35 localhost systemd[1]: session-35914.scope: Deactivated successfully.
Mar 13 17:39:35 localhost systemd[1]: session-35914.scope: Consumed 1.118s CPU time.
Mar 13 17:40:01 localhost CRON[1830062]: (root) CMD (flock -xn /tmp/stargate.lock -c '/usr/local/qcloud/stargate/admin/start.sh > /dev/null 2>&1 &')
Mar 13 17:40:01 localhost CRON[1830063]: (root) CMD (flock -xn /tmp/stargate.lock -c '/usr/local/qcloud/stargate/admin/start.sh > /dev/null 2>&1 &')
Mar 13 17:40:01 localhost CRON[1830065]: (root) CMD (/usr/local/qcloud/YunJing/clearRules.sh > /dev/null 2>&1)
Mar 13 17:40:01 localhost CRON[1830073]: (root) CMD (/bin/bash /root/pal-auto-restart.sh)
Mar 13 17:41:01 localhost CRON[1830837]: (root) CMD (flock -xn /tmp/stargate.lock -c '/usr/local/qcloud/stargate/admin/start.sh > /dev/null 2>&1 &')
Mar 13 17:42:01 localhost CRON[1831364]: (root) CMD (flock -xn /tmp/stargate.lock -c '/usr/local/qcloud/stargate/admin/start.sh > /dev/null 2>&1 &')
Mar 13 17:43:01 localhost CRON[1831650]: (root) CMD (flock -xn /tmp/stargate.lock -c '/usr/local/qcloud/stargate/admin/start.sh > /dev/null 2>&1 &')
Mar 13 17:44:01 localhost CRON[1831894]: (root) CMD (flock -xn /tmp/stargate.lock -c '/usr/local/qcloud/stargate/admin/start.sh > /dev/null 2>&1 &')
Mar 13 17:45:01 localhost CRON[1832710]: (root) CMD (/usr/local/qcloud/YunJing/clearRules.sh > /dev/null 2>&1)
Mar 13 17:45:01 localhost CRON[1832709]: (root) CMD (flock -xn /tmp/stargate.lock -c '/usr/local/qcloud/stargate/admin/start.sh > /dev/null 2>&1 &')
Mar 13 17:45:01 localhost CRON[1832721]: (root) CMD (flock -xn /tmp/stargate.lock -c '/usr/local/qcloud/stargate/admin/start.sh > /dev/null 2>&1 &')
Mar 13 17:46:01 localhost CRON[1833081]: (root) CMD (flock -xn /tmp/stargate.lock -c '/usr/local/qcloud/stargate/admin/start.sh > /dev/null 2>&1 &')
Mar 13 17:47:01 localhost CRON[1833329]: (root) CMD (flock -xn /tmp/stargate.lock -c '/usr/local/qcloud/stargate/admin/start.sh > /dev/null 2>&1 &')
Mar 13 17:48:01 localhost CRON[1833573]: (root) CMD (flock -xn /tmp/stargate.lock -c '/usr/local/qcloud/stargate/admin/start.sh > /dev/null 2>&1 &')
Mar 13 17:49:01 localhost CRON[1833936]: (root) CMD (flock -xn /tmp/stargate.lock -c '/usr/local/qcloud/stargate/admin/start.sh > /dev/null 2>&1 &')
Mar 13 17:50:01 localhost CRON[1834188]: (root) CMD (flock -xn /tmp/stargate.lock -c '/usr/local/qcloud/stargate/admin/start.sh > /dev/null 2>&1 &')
Mar 13 17:50:01 localhost CRON[1834190]: (root) CMD (/usr/local/qcloud/YunJing/clearRules.sh > /dev/null 2>&1)
Mar 13 17:50:01 localhost CRON[1834191]: (root) CMD (flock -xn /tmp/stargate.lock -c '/usr/local/qcloud/stargate/admin/start.sh > /dev/null 2>&1 &')
Mar 13 17:50:01 localhost CRON[1834189]: (root) CMD (/bin/bash /root/pal-auto-restart.sh)
Mar 13 17:51:01 localhost CRON[1834594]: (root) CMD (flock -xn /tmp/stargate.lock -c '/usr/local/qcloud/stargate/admin/start.sh > /dev/null 2>&1 &')
Mar 13 17:51:48 localhost systemd[1]: Started Session 36027 of User root.
Mar 13 17:51:49 localhost systemd[1]: session-36002.scope: Deactivated successfully.
Mar 13 17:51:56 localhost dbus-daemon[895]: [system] Activating via systemd: service name='org.freedesktop.hostname1' unit='dbus-org.freedesktop.hostname1.service' requested by ':1.255' (uid=0 pid=1835404 comm="hostnamectl --json short " label="unconfined")
Mar 13 17:51:56 localhost systemd[1]: Starting Hostname Service...
Mar 13 17:51:56 localhost dbus-daemon[895]: [system] Successfully activated service 'org.freedesktop.hostname1'
Mar 13 17:51:56 localhost systemd[1]: Started Hostname Service.
Mar 13 17:51:59 localhost systemd[1]: Stopping User Manager for UID 1003...
Mar 13 17:51:59 localhost systemd[1827510]: Stopped target Main User Target.
Mar 13 17:51:59 localhost systemd[1827510]: Stopped target Basic System.
Mar 13 17:51:59 localhost systemd[1827510]: Stopped target Paths.
Mar 13 17:51:59 localhost systemd[1827510]: Stopped target Sockets.
Mar 13 17:51:59 localhost systemd[1827510]: Stopped target Timers.
Mar 13 17:51:59 localhost systemd[1827510]: Closed D-Bus User Message Bus Socket.
Mar 13 17:51:59 localhost systemd[1827510]: Closed GnuPG network certificate management daemon.
Mar 13 17:51:59 localhost systemd[1827510]: Closed GnuPG cryptographic agent and passphrase cache (access for web browsers).
Mar 13 17:51:59 localhost systemd[1827510]: Closed GnuPG cryptographic agent and passphrase cache (restricted).
Mar 13 17:51:59 localhost systemd[1827510]: Closed GnuPG cryptographic agent (ssh-agent emulation).
Mar 13 17:51:59 localhost systemd[1827510]: Closed GnuPG cryptographic agent and passphrase cache.
Mar 13 17:51:59 localhost systemd[1827510]: Closed debconf communication socket.
Mar 13 17:51:59 localhost systemd[1827510]: Closed REST API socket for snapd user session agent.
Mar 13 17:51:59 localhost systemd[1827510]: Removed slice User Application Slice.
Mar 13 17:51:59 localhost systemd[1827510]: Reached target Shutdown.
Mar 13 17:51:59 localhost systemd[1827510]: Finished Exit the Session.
Mar 13 17:51:59 localhost systemd[1827510]: Reached target Exit the Session.
Mar 13 17:51:59 localhost systemd[1]: user@1003.service: Deactivated successfully.
Mar 13 17:51:59 localhost systemd[1]: Stopped User Manager for UID 1003.
Mar 13 17:51:59 localhost systemd[1]: Stopping User Runtime Directory /run/user/1003...
Mar 13 17:51:59 localhost systemd[1]: run-user-1003.mount: Deactivated successfully.
Mar 13 17:51:59 localhost systemd[1]: user-runtime-dir@1003.service: Deactivated successfully.
Mar 13 17:51:59 localhost systemd[1]: Stopped User Runtime Directory /run/user/1003.
Mar 13 17:51:59 localhost systemd[1]: Removed slice User Slice of UID 1003.
Mar 13 17:52:01 localhost CRON[1835961]: (root) CMD (flock -xn /tmp/stargate.lock -c '/usr/local/qcloud/stargate/admin/start.sh > /dev/null 2>&1 &')
Mar 13 17:52:08 localhost systemd[1]: session-35969.scope: Deactivated successfully.
Mar 13 17:52:08 localhost systemd[1]: session-35969.scope: Consumed 1.250s CPU time.
Mar 13 17:52:26 localhost systemd[1]: systemd-hostnamed.service: Deactivated successfully.
Mar 13 17:53:01 localhost CRON[1838786]: (root) CMD (flock -xn /tmp/stargate.lock -c '/usr/local/qcloud/stargate/admin/start.sh > /dev/null 2>&1 &')
Mar 13 17:53:37 localhost systemd[1]: Started Session 36030 of User root.
Mar 13 17:54:01 localhost CRON[1839093]: (root) CMD (flock -xn /tmp/stargate.lock -c '/usr/local/qcloud/stargate/admin/start.sh > /dev/null 2>&1 &')
Mar 13 17:55:01 localhost CRON[1839400]: (root) CMD (/usr/local/qcloud/YunJing/clearRules.sh > /dev/null 2>&1)
Mar 13 17:55:01 localhost CRON[1839402]: (root) CMD (flock -xn /tmp/stargate.lock -c '/usr/local/qcloud/stargate/admin/start.sh > /dev/null 2>&1 &')
Mar 13 17:55:01 localhost CRON[1839401]: (root) CMD (flock -xn /tmp/stargate.lock -c '/usr/local/qcloud/stargate/admin/start.sh > /dev/null 2>&1 &')
Mar 13 17:56:01 localhost CRON[1839916]: (root) CMD (flock -xn /tmp/stargate.lock -c '/usr/local/qcloud/stargate/admin/start.sh > /dev/null 2>&1 &')
Mar 13 17:56:41 localhost systemd[1]: Started Session 36036 of User root.
Mar 13 17:56:46 localhost dbus-daemon[895]: [system] Activating via systemd: service name='org.freedesktop.hostname1' unit='dbus-org.freedesktop.hostname1.service' requested by ':1.260' (uid=0 pid=1840515 comm="hostnamectl --json short " label="unconfined")
Mar 13 17:56:46 localhost systemd[1]: Starting Hostname Service...
Mar 13 17:56:47 localhost dbus-daemon[895]: [system] Successfully activated service 'org.freedesktop.hostname1'
Mar 13 17:56:47 localhost systemd[1]: Started Hostname Service.
Mar 13 17:57:01 localhost CRON[1840844]: (root) CMD (flock -xn /tmp/stargate.lock -c '/usr/local/qcloud/stargate/admin/start.sh > /dev/null 2>&1 &')
Mar 13 17:57:17 localhost systemd[1]: systemd-hostnamed.service: Deactivated successfully.
Mar 13 17:57:48 localhost systemd[1]: session-36027.scope: Deactivated successfully.
Mar 13 17:58:01 localhost CRON[1841656]: (root) CMD (flock -xn /tmp/stargate.lock -c '/usr/local/qcloud/stargate/admin/start.sh > /dev/null 2>&1 &')
Mar 13 17:59:01 localhost CRON[1842014]: (root) CMD (flock -xn /tmp/stargate.lock -c '/usr/local/qcloud/stargate/admin/start.sh > /dev/null 2>&1 &')
Mar 13 18:00:01 localhost CRON[1843072]: (root) CMD (/bin/bash /root/pal-auto-restart.sh)
Mar 13 18:00:01 localhost CRON[1843073]: (root) CMD (/usr/local/qcloud/YunJing/YDCrontab.sh > /dev/null 2>&1)
Mar 13 18:00:01 localhost CRON[1843074]: (root) CMD (flock -xn /tmp/stargate.lock -c '/usr/local/qcloud/stargate/admin/start.sh > /dev/null 2>&1 &')
Mar 13 18:00:01 localhost CRON[1843079]: (root) CMD (flock -xn /tmp/stargate.lock -c '/usr/local/qcloud/stargate/admin/start.sh > /dev/null 2>&1 &')
Mar 13 18:00:01 localhost CRON[1843095]: (root) CMD (/usr/local/qcloud/YunJing/clearRules.sh > /dev/null 2>&1)
Mar 13 18:01:01 localhost CRON[1843684]: (root) CMD (flock -xn /tmp/stargate.lock -c '/usr/local/qcloud/stargate/admin/start.sh > /dev/null 2>&1 &')
Mar 13 18:02:01 localhost CRON[1843928]: (root) CMD (flock -xn /tmp/stargate.lock -c '/usr/local/qcloud/stargate/admin/start.sh > /dev/null 2>&1 &')
Mar 13 18:03:01 localhost CRON[1844173]: (root) CMD (flock -xn /tmp/stargate.lock -c '/usr/local/qcloud/stargate/admin/start.sh > /dev/null 2>&1 &')
Mar 13 18:04:01 localhost CRON[1844417]: (root) CMD (flock -xn /tmp/stargate.lock -c '/usr/local/qcloud/stargate/admin/start.sh > /dev/null 2>&1 &')
Mar 13 18:05:01 localhost CRON[1844661]: (root) CMD (flock -xn /tmp/stargate.lock -c '/usr/local/qcloud/stargate/admin/start.sh > /dev/null 2>&1 &')
Mar 13 18:05:01 localhost CRON[1844662]: (root) CMD (/usr/local/qcloud/YunJing/clearRules.sh > /dev/null 2>&1)
Mar 13 18:05:01 localhost CRON[1844664]: (root) CMD (flock -xn /tmp/stargate.lock -c '/usr/local/qcloud/stargate/admin/start.sh > /dev/null 2>&1 &')
Mar 13 18:06:01 localhost CRON[1844918]: (root) CMD (flock -xn /tmp/stargate.lock -c '/usr/local/qcloud/stargate/admin/start.sh > /dev/null 2>&1 &')
Mar 13 18:07:01 localhost CRON[1845172]: (root) CMD (flock -xn /tmp/stargate.lock -c '/usr/local/qcloud/stargate/admin/start.sh > /dev/null 2>&1 &')
Mar 13 18:08:01 localhost CRON[1845416]: (root) CMD (flock -xn /tmp/stargate.lock -c '/usr/local/qcloud/stargate/admin/start.sh > /dev/null 2>&1 &')
Mar 13 18:09:01 localhost CRON[1845661]: (root) CMD (flock -xn /tmp/stargate.lock -c '/usr/local/qcloud/stargate/admin/start.sh > /dev/null 2>&1 &')
Mar 13 18:10:01 localhost CRON[1845907]: (root) CMD (/bin/bash /root/pal-auto-restart.sh)
Mar 13 18:10:01 localhost CRON[1845908]: (root) CMD (/usr/local/qcloud/YunJing/clearRules.sh > /dev/null 2>&1)
Mar 13 18:10:01 localhost CRON[1845909]: (root) CMD (flock -xn /tmp/stargate.lock -c '/usr/local/qcloud/stargate/admin/start.sh > /dev/null 2>&1 &')
Mar 13 18:10:01 localhost CRON[1845912]: (root) CMD (flock -xn /tmp/stargate.lock -c '/usr/local/qcloud/stargate/admin/start.sh > /dev/null 2>&1 &')
Mar 13 18:11:01 localhost CRON[1846171]: (root) CMD (flock -xn /tmp/stargate.lock -c '/usr/local/qcloud/stargate/admin/start.sh > /dev/null 2>&1 &')
Mar 13 18:12:01 localhost CRON[1846419]: (root) CMD (flock -xn /tmp/stargate.lock -c '/usr/local/qcloud/stargate/admin/start.sh > /dev/null 2>&1 &')
Mar 13 18:13:01 localhost CRON[1846663]: (root) CMD (flock -xn /tmp/stargate.lock -c '/usr/local/qcloud/stargate/admin/start.sh > /dev/null 2>&1 &')
Mar 13 18:14:01 localhost CRON[1846907]: (root) CMD (flock -xn /tmp/stargate.lock -c '/usr/local/qcloud/stargate/admin/start.sh > /dev/null 2>&1 &')
Mar 13 18:15:01 localhost CRON[1847153]: (root) CMD (flock -xn /tmp/stargate.lock -c '/usr/local/qcloud/stargate/admin/start.sh > /dev/null 2>&1 &')
Mar 13 18:15:01 localhost CRON[1847154]: (root) CMD (flock -xn /tmp/stargate.lock -c '/usr/local/qcloud/stargate/admin/start.sh > /dev/null 2>&1 &')
Mar 13 18:15:01 localhost CRON[1847155]: (root) CMD (/usr/local/qcloud/YunJing/clearRules.sh > /dev/null 2>&1)
Mar 13 18:16:01 localhost CRON[1847409]: (root) CMD (flock -xn /tmp/stargate.lock -c '/usr/local/qcloud/stargate/admin/start.sh > /dev/null 2>&1 &')
Mar 13 18:17:01 localhost CRON[1847662]: (root) CMD (flock -xn /tmp/stargate.lock -c '/usr/local/qcloud/stargate/admin/start.sh > /dev/null 2>&1 &')
Mar 13 18:17:01 localhost CRON[1847663]: (root) CMD (   cd / && run-parts --report /etc/cron.hourly)
Mar 13 18:18:01 localhost CRON[1847910]: (root) CMD (flock -xn /tmp/stargate.lock -c '/usr/local/qcloud/stargate/admin/start.sh > /dev/null 2>&1 &')
Mar 13 18:19:01 localhost CRON[1848154]: (root) CMD (flock -xn /tmp/stargate.lock -c '/usr/local/qcloud/stargate/admin/start.sh > /dev/null 2>&1 &')
Mar 13 18:20:01 localhost CRON[1848400]: (root) CMD (flock -xn /tmp/stargate.lock -c '/usr/local/qcloud/stargate/admin/start.sh > /dev/null 2>&1 &')
Mar 13 18:20:01 localhost CRON[1848403]: (root) CMD (/usr/local/qcloud/YunJing/clearRules.sh > /dev/null 2>&1)
Mar 13 18:20:01 localhost CRON[1848401]: (root) CMD (flock -xn /tmp/stargate.lock -c '/usr/local/qcloud/stargate/admin/start.sh > /dev/null 2>&1 &')
Mar 13 18:20:01 localhost CRON[1848407]: (root) CMD (/bin/bash /root/pal-auto-restart.sh)
Mar 13 18:21:01 localhost CRON[1848667]: (root) CMD (flock -xn /tmp/stargate.lock -c '/usr/local/qcloud/stargate/admin/start.sh > /dev/null 2>&1 &')
Mar 13 18:22:01 localhost CRON[1848912]: (root) CMD (flock -xn /tmp/stargate.lock -c '/usr/local/qcloud/stargate/admin/start.sh > /dev/null 2>&1 &')
Mar 13 18:23:01 localhost CRON[1849154]: (root) CMD (flock -xn /tmp/stargate.lock -c '/usr/local/qcloud/stargate/admin/start.sh > /dev/null 2>&1 &')
Mar 13 18:24:01 localhost CRON[1849400]: (root) CMD (flock -xn /tmp/stargate.lock -c '/usr/local/qcloud/stargate/admin/start.sh > /dev/null 2>&1 &')
Mar 13 18:25:01 localhost CRON[1849646]: (root) CMD (flock -xn /tmp/stargate.lock -c '/usr/local/qcloud/stargate/admin/start.sh > /dev/null 2>&1 &')
Mar 13 18:25:01 localhost CRON[1849648]: (root) CMD (flock -xn /tmp/stargate.lock -c '/usr/local/qcloud/stargate/admin/start.sh > /dev/null 2>&1 &')
Mar 13 18:25:01 localhost CRON[1849647]: (root) CMD (/usr/local/qcloud/YunJing/clearRules.sh > /dev/null 2>&1)
Mar 13 18:26:01 localhost CRON[1849901]: (root) CMD (flock -xn /tmp/stargate.lock -c '/usr/local/qcloud/stargate/admin/start.sh > /dev/null 2>&1 &')
Mar 13 18:27:01 localhost CRON[1850151]: (root) CMD (flock -xn /tmp/stargate.lock -c '/usr/local/qcloud/stargate/admin/start.sh > /dev/null 2>&1 &')
Mar 13 18:27:53 localhost systemd[1]: Started Session 36085 of User root.
Mar 13 18:28:01 localhost CRON[1850457]: (root) CMD (flock -xn /tmp/stargate.lock -c '/usr/local/qcloud/stargate/admin/start.sh > /dev/null 2>&1 &')
Mar 13 18:29:01 localhost CRON[1850746]: (root) CMD (flock -xn /tmp/stargate.lock -c '/usr/local/qcloud/stargate/admin/start.sh > /dev/null 2>&1 &')
Mar 13 18:30:01 localhost CRON[1850995]: (root) CMD (flock -xn /tmp/stargate.lock -c '/usr/local/qcloud/stargate/admin/start.sh > /dev/null 2>&1 &')
Mar 13 18:30:01 localhost CRON[1850997]: (root) CMD (flock -xn /tmp/stargate.lock -c '/usr/local/qcloud/stargate/admin/start.sh > /dev/null 2>&1 &')
Mar 13 18:30:01 localhost CRON[1850998]: (root) CMD (/usr/local/qcloud/YunJing/clearRules.sh > /dev/null 2>&1)
Mar 13 18:30:01 localhost CRON[1850996]: (root) CMD (/bin/bash /root/pal-auto-restart.sh)
Mar 13 18:30:01 localhost CRON[1851003]: (root) CMD (/usr/local/qcloud/YunJing/YDCrontab.sh > /dev/null 2>&1)
Mar 13 18:31:01 localhost CRON[1851268]: (root) CMD (flock -xn /tmp/stargate.lock -c '/usr/local/qcloud/stargate/admin/start.sh > /dev/null 2>&1 &')
Mar 13 18:31:59 localhost systemd[1]: Started Session 36094 of User root.
Mar 13 18:32:01 localhost CRON[1851696]: (root) CMD (flock -xn /tmp/stargate.lock -c '/usr/local/qcloud/stargate/admin/start.sh > /dev/null 2>&1 &')
Mar 13 18:32:02 localhost systemd[1]: Started Session 36096 of User root.
Mar 13 18:32:03 localhost dbus-daemon[895]: [system] Activating via systemd: service name='org.freedesktop.hostname1' unit='dbus-org.freedesktop.hostname1.service' requested by ':1.265' (uid=0 pid=1851823 comm="hostnamectl --json short " label="unconfined")
Mar 13 18:32:03 localhost systemd[1]: Starting Hostname Service...
Mar 13 18:32:03 localhost dbus-daemon[895]: [system] Successfully activated service 'org.freedesktop.hostname1'
Mar 13 18:32:03 localhost systemd[1]: Started Hostname Service.
Mar 13 18:32:15 localhost systemd[1]: Started Session 36097 of User root.
Mar 13 18:32:17 localhost systemd[1]: Started Session 36098 of User root.
Mar 13 18:32:48 localhost systemd[1]: systemd-hostnamed.service: Deactivated successfully.
Mar 13 18:33:01 localhost CRON[1852771]: (root) CMD (flock -xn /tmp/stargate.lock -c '/usr/local/qcloud/stargate/admin/start.sh > /dev/null 2>&1 &')
Mar 13 18:34:01 localhost CRON[1853073]: (root) CMD (flock -xn /tmp/stargate.lock -c '/usr/local/qcloud/stargate/admin/start.sh > /dev/null 2>&1 &')
Mar 13 18:34:53 localhost systemd[1]: Started Session 36101 of User root.
Mar 13 18:34:56 localhost systemd[1]: Started Session 36102 of User root.
Mar 13 18:34:56 localhost dbus-daemon[895]: [system] Activating via systemd: service name='org.freedesktop.hostname1' unit='dbus-org.freedesktop.hostname1.service' requested by ':1.276' (uid=0 pid=1853592 comm="hostnamectl --json short " label="unconfined")
Mar 13 18:34:56 localhost systemd[1]: Starting Hostname Service...
Mar 13 18:34:56 localhost dbus-daemon[895]: [system] Successfully activated service 'org.freedesktop.hostname1'
Mar 13 18:34:56 localhost systemd[1]: Started Hostname Service.
Mar 13 18:35:01 localhost CRON[1853777]: (root) CMD (flock -xn /tmp/stargate.lock -c '/usr/local/qcloud/stargate/admin/start.sh > /dev/null 2>&1 &')
Mar 13 18:35:01 localhost CRON[1853778]: (root) CMD (/usr/local/qcloud/YunJing/clearRules.sh > /dev/null 2>&1)
Mar 13 18:35:01 localhost CRON[1853780]: (root) CMD (flock -xn /tmp/stargate.lock -c '/usr/local/qcloud/stargate/admin/start.sh > /dev/null 2>&1 &')
Mar 13 18:35:02 localhost systemd[1]: session-36096.scope: Deactivated successfully.
Mar 13 18:35:15 localhost systemd[1]: session-36097.scope: Deactivated successfully.
Mar 13 18:35:15 localhost systemd[1]: session-36097.scope: Consumed 1.526s CPU time.
Mar 13 18:35:17 localhost systemd[1]: session-36098.scope: Deactivated successfully.
Mar 13 18:35:26 localhost systemd[1]: systemd-hostnamed.service: Deactivated successfully.
Mar 13 18:35:59 localhost systemd[1]: Started Session 36106 of User root.
Mar 13 18:36:01 localhost CRON[1854348]: (root) CMD (flock -xn /tmp/stargate.lock -c '/usr/local/qcloud/stargate/admin/start.sh > /dev/null 2>&1 &')
Mar 13 18:36:02 localhost systemd[1]: Started Session 36108 of User root.
Mar 13 18:36:03 localhost dbus-daemon[895]: [system] Activating via systemd: service name='org.freedesktop.hostname1' unit='dbus-org.freedesktop.hostname1.service' requested by ':1.282' (uid=0 pid=1854510 comm="hostnamectl --json short " label="unconfined")
Mar 13 18:36:03 localhost systemd[1]: Starting Hostname Service...
Mar 13 18:36:03 localhost dbus-daemon[895]: [system] Successfully activated service 'org.freedesktop.hostname1'
Mar 13 18:36:03 localhost systemd[1]: Started Hostname Service.
Mar 13 18:36:05 localhost systemd-resolved[875]: Grace period over, resuming full feature set (UDP+EDNS0) for DNS server 183.60.82.98.
Mar 13 18:36:05 localhost systemd-resolved[875]: Using degraded feature set UDP instead of UDP+EDNS0 for DNS server 183.60.82.98.
Mar 13 18:36:33 localhost systemd[1]: systemd-hostnamed.service: Deactivated successfully.
Mar 13 18:37:01 localhost CRON[1855006]: (root) CMD (flock -xn /tmp/stargate.lock -c '/usr/local/qcloud/stargate/admin/start.sh > /dev/null 2>&1 &')
Mar 13 18:37:53 localhost systemd[1]: session-36101.scope: Deactivated successfully.
Mar 13 18:37:56 localhost systemd[1]: session-36102.scope: Deactivated successfully.
Mar 13 18:38:01 localhost CRON[1855328]: (root) CMD (flock -xn /tmp/stargate.lock -c '/usr/local/qcloud/stargate/admin/start.sh > /dev/null 2>&1 &')
Mar 13 18:39:02 localhost CRON[1855574]: (root) CMD (flock -xn /tmp/stargate.lock -c '/usr/local/qcloud/stargate/admin/start.sh > /dev/null 2>&1 &')
Mar 13 18:40:01 localhost CRON[1855822]: (root) CMD (/bin/bash /root/pal-auto-restart.sh)
Mar 13 18:40:01 localhost CRON[1855827]: (root) CMD (/usr/local/qcloud/YunJing/clearRules.sh > /dev/null 2>&1)
Mar 13 18:40:01 localhost CRON[1855828]: (root) CMD (flock -xn /tmp/stargate.lock -c '/usr/local/qcloud/stargate/admin/start.sh > /dev/null 2>&1 &')
Mar 13 18:40:01 localhost CRON[1855832]: (root) CMD (flock -xn /tmp/stargate.lock -c '/usr/local/qcloud/stargate/admin/start.sh > /dev/null 2>&1 &')
Mar 13 18:41:01 localhost CRON[1856087]: (root) CMD (flock -xn /tmp/stargate.lock -c '/usr/local/qcloud/stargate/admin/start.sh > /dev/null 2>&1 &')
Mar 13 18:42:01 localhost CRON[1856335]: (root) CMD (flock -xn /tmp/stargate.lock -c '/usr/local/qcloud/stargate/admin/start.sh > /dev/null 2>&1 &')
Mar 13 18:43:01 localhost CRON[1856583]: (root) CMD (flock -xn /tmp/stargate.lock -c '/usr/local/qcloud/stargate/admin/start.sh > /dev/null 2>&1 &')
Mar 13 18:44:01 localhost CRON[1856827]: (root) CMD (flock -xn /tmp/stargate.lock -c '/usr/local/qcloud/stargate/admin/start.sh > /dev/null 2>&1 &')
Mar 13 18:45:01 localhost CRON[1857075]: (root) CMD (/usr/local/qcloud/YunJing/clearRules.sh > /dev/null 2>&1)
Mar 13 18:45:01 localhost CRON[1857076]: (root) CMD (flock -xn /tmp/stargate.lock -c '/usr/local/qcloud/stargate/admin/start.sh > /dev/null 2>&1 &')
Mar 13 18:45:01 localhost CRON[1857078]: (root) CMD (flock -xn /tmp/stargate.lock -c '/usr/local/qcloud/stargate/admin/start.sh > /dev/null 2>&1 &')
Mar 13 18:46:01 localhost CRON[1857332]: (root) CMD (flock -xn /tmp/stargate.lock -c '/usr/local/qcloud/stargate/admin/start.sh > /dev/null 2>&1 &')
Mar 13 18:47:01 localhost CRON[1857596]: (root) CMD (flock -xn /tmp/stargate.lock -c '/usr/local/qcloud/stargate/admin/start.sh > /dev/null 2>&1 &')
Mar 13 18:48:01 localhost CRON[1857841]: (root) CMD (flock -xn /tmp/stargate.lock -c '/usr/local/qcloud/stargate/admin/start.sh > /dev/null 2>&1 &')
Mar 13 18:49:01 localhost CRON[1858123]: (root) CMD (flock -xn /tmp/stargate.lock -c '/usr/local/qcloud/stargate/admin/start.sh > /dev/null 2>&1 &')
Mar 13 18:50:01 localhost CRON[1858373]: (root) CMD (/bin/bash /root/pal-auto-restart.sh)
Mar 13 18:50:01 localhost CRON[1858372]: (root) CMD (flock -xn /tmp/stargate.lock -c '/usr/local/qcloud/stargate/admin/start.sh > /dev/null 2>&1 &')
Mar 13 18:50:01 localhost CRON[1858375]: (root) CMD (flock -xn /tmp/stargate.lock -c '/usr/local/qcloud/stargate/admin/start.sh > /dev/null 2>&1 &')
Mar 13 18:50:01 localhost CRON[1858379]: (root) CMD (/usr/local/qcloud/YunJing/clearRules.sh > /dev/null 2>&1)
Mar 13 18:51:01 localhost CRON[1858639]: (root) CMD (flock -xn /tmp/stargate.lock -c '/usr/local/qcloud/stargate/admin/start.sh > /dev/null 2>&1 &')
Mar 13 18:52:01 localhost CRON[1858886]: (root) CMD (flock -xn /tmp/stargate.lock -c '/usr/local/qcloud/stargate/admin/start.sh > /dev/null 2>&1 &')
Mar 13 18:53:01 localhost CRON[1859129]: (root) CMD (flock -xn /tmp/stargate.lock -c '/usr/local/qcloud/stargate/admin/start.sh > /dev/null 2>&1 &')
Mar 13 18:54:01 localhost CRON[1859374]: (root) CMD (flock -xn /tmp/stargate.lock -c '/usr/local/qcloud/stargate/admin/start.sh > /dev/null 2>&1 &')
Mar 13 18:55:01 localhost CRON[1859621]: (root) CMD (flock -xn /tmp/stargate.lock -c '/usr/local/qcloud/stargate/admin/start.sh > /dev/null 2>&1 &')
Mar 13 18:55:01 localhost CRON[1859624]: (root) CMD (/usr/local/qcloud/YunJing/clearRules.sh > /dev/null 2>&1)
Mar 13 18:55:01 localhost CRON[1859623]: (root) CMD (flock -xn /tmp/stargate.lock -c '/usr/local/qcloud/stargate/admin/start.sh > /dev/null 2>&1 &')
Mar 13 18:56:01 localhost CRON[1859876]: (root) CMD (flock -xn /tmp/stargate.lock -c '/usr/local/qcloud/stargate/admin/start.sh > /dev/null 2>&1 &')
Mar 13 18:56:15 localhost systemd[1]: session-36085.scope: Deactivated successfully.
Mar 13 18:56:59 localhost systemd[1]: session-36106.scope: Deactivated successfully.
Mar 13 18:57:01 localhost CRON[1860159]: (root) CMD (flock -xn /tmp/stargate.lock -c '/usr/local/qcloud/stargate/admin/start.sh > /dev/null 2>&1 &')
Mar 13 18:57:03 localhost systemd[1]: session-36108.scope: Deactivated successfully.
Mar 13 18:58:01 localhost CRON[1860404]: (root) CMD (flock -xn /tmp/stargate.lock -c '/usr/local/qcloud/stargate/admin/start.sh > /dev/null 2>&1 &')
Mar 13 18:59:01 localhost CRON[1860647]: (root) CMD (flock -xn /tmp/stargate.lock -c '/usr/local/qcloud/stargate/admin/start.sh > /dev/null 2>&1 &')
Mar 13 19:00:01 localhost CRON[1860896]: (root) CMD (flock -xn /tmp/stargate.lock -c '/usr/local/qcloud/stargate/admin/start.sh > /dev/null 2>&1 &')
Mar 13 19:00:01 localhost CRON[1860897]: (root) CMD (/bin/bash /root/pal-auto-restart.sh)
